<?xml version="1.0" encoding="UTF-8"?>
<!-- Generated by org.testng.reporters.JUnitXMLReporter -->
<testsuite ignored="0" hostname="DESKTOP-05SPE4V" failures="0" tests="6" name="Test" time="194.26" errors="0" timestamp="2023-08-03T20:32:15 IST">
  <testcase classname="testClasses.Amazon" name="amazonTesting" time="25.952"/>
  <testcase classname="testClasses.Ajio" name="ajioTesting" time="26.269"/>
  <testcase classname="testClasses.Flipkart" name="flipkartTesting" time="12.761"/>
  <testcase classname="testClasses.NexaNewTest" name="nexa" time="67.781"/>
  <testcase classname="testClasses.snapdeel" name="snapdeel" time="22.997"/>
  <testcase classname="testClasses.meesho" name="meeshoClass" time="38.359"/>
</testsuite> <!-- Test -->
