<?xml version="1.0" encoding="UTF-8"?>
<!-- Generated by org.testng.reporters.JUnitXMLReporter -->
<testsuite ignored="0" hostname="NAMITA" failures="0" tests="3" name="Test" time="82.307" errors="0" timestamp="2023-08-03T08:22:33 IST">
  <testcase classname="testClasses.Amazon" name="amazonTesting" time="11.668"/>
  <testcase classname="testClasses.Ajio" name="ajioTesting" time="53.423"/>
  <testcase classname="testClasses.Flipkart" name="flipkartTesting" time="17.084"/>
</testsuite> <!-- Test -->
