<?xml version="1.0" encoding="UTF-8"?>
<testng-results ignored="0" total="3" passed="3" failed="0" skipped="0">
  <reporter-output>
    <line>
      <![CDATA[Opening Amazon]]>
    </line>
    <line>
      <![CDATA[Opening Ajio]]>
    </line>
    <line>
      <![CDATA[Opening Flipkart]]>
    </line>
  </reporter-output>
  <suite started-at="2023-08-03T08:21:10 IST" name="Suite" finished-at="2023-08-03T08:22:33 IST" duration-ms="82307">
    <groups>
    </groups>
    <test started-at="2023-08-03T08:21:10 IST" name="Test" finished-at="2023-08-03T08:22:33 IST" duration-ms="82307">
      <class name="testClasses.Amazon">
        <test-method signature="amazonTesting()[pri:0, instance:testClasses.Amazon@2c767a52]" started-at="2023-08-03T08:21:10 IST" name="amazonTesting" finished-at="2023-08-03T08:21:22 IST" duration-ms="11668" status="PASS">
          <reporter-output>
            <line>
              <![CDATA[Opening Amazon]]>
            </line>
          </reporter-output>
        </test-method> <!-- amazonTesting -->
      </class> <!-- testClasses.Amazon -->
      <class name="testClasses.Flipkart">
        <test-method signature="flipkartTesting()[pri:0, instance:testClasses.Flipkart@188715b5]" started-at="2023-08-03T08:22:16 IST" name="flipkartTesting" finished-at="2023-08-03T08:22:33 IST" duration-ms="17084" status="PASS">
          <reporter-output>
            <line>
              <![CDATA[Opening Flipkart]]>
            </line>
          </reporter-output>
        </test-method> <!-- flipkartTesting -->
      </class> <!-- testClasses.Flipkart -->
      <class name="testClasses.Ajio">
        <test-method signature="ajioTesting()[pri:0, instance:testClasses.Ajio@2f7298b]" started-at="2023-08-03T08:21:22 IST" name="ajioTesting" finished-at="2023-08-03T08:22:16 IST" duration-ms="53423" status="PASS">
          <reporter-output>
            <line>
              <![CDATA[Opening Ajio]]>
            </line>
          </reporter-output>
        </test-method> <!-- ajioTesting -->
      </class> <!-- testClasses.Ajio -->
    </test> <!-- Test -->
  </suite> <!-- Suite -->
</testng-results>
