<?xml version="1.0" encoding="UTF-8"?>
<testng-results ignored="0" total="6" passed="6" failed="0" skipped="0">
  <reporter-output>
    <line>
      <![CDATA[Opening Amazon]]>
    </line>
    <line>
      <![CDATA[Opening Ajio]]>
    </line>
    <line>
      <![CDATA[Opening Flipkart]]>
    </line>
    <line>
      <![CDATA[Opening nexa]]>
    </line>
  </reporter-output>
  <suite started-at="2023-08-03T20:29:01 IST" name="Suite" finished-at="2023-08-03T20:32:15 IST" duration-ms="194260">
    <groups>
    </groups>
    <test started-at="2023-08-03T20:29:01 IST" name="Test" finished-at="2023-08-03T20:32:15 IST" duration-ms="194260">
      <class name="testClasses.NexaNewTest">
        <test-method signature="nexa()[pri:0, instance:testClasses.NexaNewTest@1d2adfbe]" started-at="2023-08-03T20:30:06 IST" name="nexa" finished-at="2023-08-03T20:31:14 IST" duration-ms="67781" status="PASS">
          <reporter-output>
            <line>
              <![CDATA[Opening nexa]]>
            </line>
          </reporter-output>
        </test-method> <!-- nexa -->
      </class> <!-- testClasses.NexaNewTest -->
      <class name="testClasses.Amazon">
        <test-method signature="amazonTesting()[pri:0, instance:testClasses.Amazon@2d7275fc]" started-at="2023-08-03T20:29:01 IST" name="amazonTesting" finished-at="2023-08-03T20:29:27 IST" duration-ms="25952" status="PASS">
          <reporter-output>
            <line>
              <![CDATA[Opening Amazon]]>
            </line>
          </reporter-output>
        </test-method> <!-- amazonTesting -->
      </class> <!-- testClasses.Amazon -->
      <class name="testClasses.meesho">
        <test-method signature="meeshoClass()[pri:0, instance:testClasses.meesho@223d2c72]" started-at="2023-08-03T20:31:37 IST" name="meeshoClass" finished-at="2023-08-03T20:32:15 IST" duration-ms="38359" status="PASS">
          <reporter-output>
          </reporter-output>
        </test-method> <!-- meeshoClass -->
      </class> <!-- testClasses.meesho -->
      <class name="testClasses.snapdeel">
        <test-method signature="snapdeel()[pri:0, instance:testClasses.snapdeel@36902638]" started-at="2023-08-03T20:31:14 IST" name="snapdeel" finished-at="2023-08-03T20:31:37 IST" duration-ms="22997" status="PASS">
          <reporter-output>
          </reporter-output>
        </test-method> <!-- snapdeel -->
      </class> <!-- testClasses.snapdeel -->
      <class name="testClasses.Flipkart">
        <test-method signature="flipkartTesting()[pri:0, instance:testClasses.Flipkart@49ec71f8]" started-at="2023-08-03T20:29:53 IST" name="flipkartTesting" finished-at="2023-08-03T20:30:06 IST" duration-ms="12761" status="PASS">
          <reporter-output>
            <line>
              <![CDATA[Opening Flipkart]]>
            </line>
          </reporter-output>
        </test-method> <!-- flipkartTesting -->
      </class> <!-- testClasses.Flipkart -->
      <class name="testClasses.Ajio">
        <test-method signature="ajioTesting()[pri:0, instance:testClasses.Ajio@16d04d3d]" started-at="2023-08-03T20:29:27 IST" name="ajioTesting" finished-at="2023-08-03T20:29:53 IST" duration-ms="26269" status="PASS">
          <reporter-output>
            <line>
              <![CDATA[Opening Ajio]]>
            </line>
          </reporter-output>
        </test-method> <!-- ajioTesting -->
      </class> <!-- testClasses.Ajio -->
    </test> <!-- Test -->
  </suite> <!-- Suite -->
</testng-results>
